# JRE version: OpenJDK Runtime Environment (11.0.13) (build 11.0.13+0-b1751.21-8125866)
# Java VM: OpenJDK 64-Bit Server VM (11.0.13+0-b1751.21-8125866, mixed mode, tiered, compressed oops, g1 gc, windows-amd64)
Heap:
 garbage-first heap   total 129024K, used 72964K [0x0000000080000000, 0x0000000100000000)
  region size 1024K, 46 young (47104K), 3 survivors (3072K)
 Metaspace       used 48367K, capacity 49555K, committed 49872K, reserved 1093632K
  class space    used 6126K, capacity 6597K, committed 6688K, reserved 1048576K
GC Heap History (14 events):
Event: 1.186 GC heap before
{Heap before GC invocations=0 (full 0):
 garbage-first heap   total 129024K, used 29696K [0x0000000080000000, 0x0000000100000000)
  region size 1024K, 24 young (24576K), 0 survivors (0K)
 Metaspace       used 10100K, capacity 10403K, committed 10624K, reserved 1058816K
  class space    used 1029K, capacity 1106K, committed 1152K, reserved 1048576K
}
Event: 1.194 GC heap after
{Heap after GC invocations=1 (full 0):
 garbage-first heap   total 129024K, used 9318K [0x0000000080000000, 0x0000000100000000)
  region size 1024K, 3 young (3072K), 3 survivors (3072K)
 Metaspace       used 10100K, capacity 10403K, committed 10624K, reserved 1058816K
  class space    used 1029K, capacity 1106K, committed 1152K, reserved 1048576K
}
Event: 5.262 GC heap before
{Heap before GC invocations=1 (full 0):
 garbage-first heap   total 129024K, used 83046K [0x0000000080000000, 0x0000000100000000)
  region size 1024K, 75 young (76800K), 3 survivors (3072K)
 Metaspace       used 17453K, capacity 17857K, committed 18048K, reserved 1064960K
  class space    used 2018K, capacity 2147K, committed 2176K, reserved 1048576K
}
Event: 5.269 GC heap after
{Heap after GC invocations=2 (full 0):
 garbage-first heap   total 129024K, used 16184K [0x0000000080000000, 0x0000000100000000)
  region size 1024K, 10 young (10240K), 10 survivors (10240K)
 Metaspace       used 17453K, capacity 17857K, committed 18048K, reserved 1064960K
  class space    used 2018K, capacity 2147K, committed 2176K, reserved 1048576K
}
Event: 5.714 GC heap before
{Heap before GC invocations=2 (full 0):
 garbage-first heap   total 129024K, used 47928K [0x0000000080000000, 0x0000000100000000)
  region size 1024K, 43 young (44032K), 10 survivors (10240K)
 Metaspace       used 20824K, capacity 21199K, committed 21296K, reserved 1069056K
  class space    used 2535K, capacity 2686K, committed 2688K, reserved 1048576K
}
Event: 5.724 GC heap after
{Heap after GC invocations=3 (full 0):
 garbage-first heap   total 129024K, used 17332K [0x0000000080000000, 0x0000000100000000)
  region size 1024K, 2 young (2048K), 2 survivors (2048K)
 Metaspace       used 20824K, capacity 21199K, committed 21296K, reserved 1069056K
  class space    used 2535K, capacity 2686K, committed 2688K, reserved 1048576K
}
Event: 6.630 GC heap before
{Heap before GC invocations=4 (full 0):
 garbage-first heap   total 129024K, used 74676K [0x0000000080000000, 0x0000000100000000)
  region size 1024K, 58 young (59392K), 2 survivors (2048K)
 Metaspace       used 26813K, capacity 27408K, committed 27516K, reserved 1073152K
  class space    used 3469K, capacity 3702K, committed 3788K, reserved 1048576K
}
Event: 6.636 GC heap after
{Heap after GC invocations=5 (full 0):
 garbage-first heap   total 129024K, used 19087K [0x0000000080000000, 0x0000000100000000)
  region size 1024K, 4 young (4096K), 4 survivors (4096K)
 Metaspace       used 26813K, capacity 27408K, committed 27516K, reserved 1073152K
  class space    used 3469K, capacity 3702K, committed 3788K, reserved 1048576K
}
Event: 7.737 GC heap before
{Heap before GC invocations=5 (full 0):
 garbage-first heap   total 129024K, used 77455K [0x0000000080000000, 0x0000000100000000)
  region size 1024K, 62 young (63488K), 4 survivors (4096K)
 Metaspace       used 35198K, capacity 35952K, committed 36048K, reserved 1081344K
  class space    used 4521K, capacity 4830K, committed 4896K, reserved 1048576K
}
Event: 7.754 GC heap after
{Heap after GC invocations=6 (full 0):
 garbage-first heap   total 129024K, used 22613K [0x0000000080000000, 0x0000000100000000)
  region size 1024K, 7 young (7168K), 7 survivors (7168K)
 Metaspace       used 35198K, capacity 35952K, committed 36048K, reserved 1081344K
  class space    used 4521K, capacity 4830K, committed 4896K, reserved 1048576K
}
Event: 9.258 GC heap before
{Heap before GC invocations=7 (full 0):
 garbage-first heap   total 129024K, used 89173K [0x0000000080000000, 0x0000000100000000)
  region size 1024K, 70 young (71680K), 7 survivors (7168K)
 Metaspace       used 40018K, capacity 40930K, committed 41040K, reserved 1085440K
  class space    used 5061K, capacity 5438K, committed 5536K, reserved 1048576K
}
Event: 9.270 GC heap after
{Heap after GC invocations=8 (full 0):
 garbage-first heap   total 129024K, used 27640K [0x0000000080000000, 0x0000000100000000)
  region size 1024K, 9 young (9216K), 9 survivors (9216K)
 Metaspace       used 40018K, capacity 40930K, committed 41040K, reserved 1085440K
  class space    used 5061K, capacity 5438K, committed 5536K, reserved 1048576K
}
Event: 11.696 GC heap before
{Heap before GC invocations=8 (full 0):
 garbage-first heap   total 129024K, used 92152K [0x0000000080000000, 0x0000000100000000)
  region size 1024K, 71 young (72704K), 9 survivors (9216K)
 Metaspace       used 45987K, capacity 47017K, committed 47184K, reserved 1089536K
  class space    used 5832K, capacity 6223K, committed 6304K, reserved 1048576K
}
Event: 11.734 GC heap after
{Heap after GC invocations=9 (full 0):
 garbage-first heap   total 129024K, used 29956K [0x0000000080000000, 0x0000000100000000)
  region size 1024K, 3 young (3072K), 3 survivors (3072K)
 Metaspace       used 45987K, capacity 47017K, committed 47184K, reserved 1089536K
  class space    used 5832K, capacity 6223K, committed 6304K, reserved 1048576K
}

